Using pre-set license
Built from '2020.3/staging' branch; Version is '2020.3.18f1 (a7d1c678663c) revision 10998214'; Using compiler version '192528614'; Build Type 'Release'
OS: 'Windows 10 Education; OS build 19042.1237; Version 2009; 64bit' Language: 'en' Physical Memory: 32712 MB
BatchMode: 1, IsHumanControllingUs: 0, StartBugReporterOnCrash: 0, Is64bit: 1, IsPro: 0

COMMAND LINE ARGUMENTS:
C:\Users\ealexrose\Documents\Unity\2020.3.18f1\Editor\Unity.exe
-adb2
-batchMode
-noUpm
-name
AssetImportWorker0
-projectPath
C:/Users/ealexrose/Documents/Game Dev/Proejct Repos/FirstPlatformer/FirstPlatformer
-logFile
Logs/AssetImportWorker0.log
-srvPort
58658
Successfully changed project path to: C:/Users/ealexrose/Documents/Game Dev/Proejct Repos/FirstPlatformer/FirstPlatformer
C:/Users/ealexrose/Documents/Game Dev/Proejct Repos/FirstPlatformer/FirstPlatformer
Using Asset Import Pipeline V2.
Refreshing native plugins compatible for Editor in 37.43 ms, found 3 plugins.
Preloading 0 native plugins for Editor in 0.00 ms.
Initialize engine version: 2020.3.18f1 (a7d1c678663c)
[Subsystems] Discovering subsystems at path C:/Users/ealexrose/Documents/Unity/2020.3.18f1/Editor/Data/Resources/UnitySubsystems
[Subsystems] Discovering subsystems at path C:/Users/ealexrose/Documents/Game Dev/Proejct Repos/FirstPlatformer/FirstPlatformer/Assets
GfxDevice: creating device client; threaded=0
Direct3D:
    Version:  Direct3D 11.0 [level 11.1]
    Renderer: NVIDIA GeForce GTX 1660 SUPER (ID=0x21c4)
    Vendor:   
    VRAM:     5991 MB
    Driver:   27.21.14.5730
Initialize mono
Mono path[0] = 'C:/Users/ealexrose/Documents/Unity/2020.3.18f1/Editor/Data/Managed'
Mono path[1] = 'C:/Users/ealexrose/Documents/Unity/2020.3.18f1/Editor/Data/MonoBleedingEdge/lib/mono/unityjit'
Mono config path = 'C:/Users/ealexrose/Documents/Unity/2020.3.18f1/Editor/Data/MonoBleedingEdge/etc'
Using monoOptions --debugger-agent=transport=dt_socket,embedding=1,server=y,suspend=n,address=127.0.0.1:56804
Begin MonoManager ReloadAssembly
Registering precompiled unity dll's ...
Register platform support module: C:/Users/ealexrose/Documents/Unity/2020.3.18f1/Editor/Data/PlaybackEngines/WindowsStandaloneSupport/UnityEditor.WindowsStandalone.Extensions.dll
Registered in 0.001881 seconds.
Native extension for WindowsStandalone target not found
Refreshing native plugins compatible for Editor in 38.88 ms, found 3 plugins.
Preloading 0 native plugins for Editor in 0.00 ms.
Mono: successfully reloaded assembly
- Completed reload, in  0.998 seconds
Domain Reload Profiling:
	ReloadAssembly (999ms)
		BeginReloadAssembly (44ms)
			ExecutionOrderSort (0ms)
			DisableScriptedObjects (0ms)
			BackupInstance (0ms)
			ReleaseScriptingObjects (0ms)
			CreateAndSetChildDomain (1ms)
		EndReloadAssembly (351ms)
			LoadAssemblies (42ms)
			RebuildTransferFunctionScriptingTraits (0ms)
			SetupTypeCache (124ms)
			ReleaseScriptCaches (0ms)
			RebuildScriptCaches (25ms)
			SetupLoadedEditorAssemblies (140ms)
				LogAssemblyErrors (0ms)
				InitializePlatformSupportModulesInManaged (3ms)
				SetLoadedEditorAssemblies (0ms)
				RefreshPlugins (39ms)
				BeforeProcessingInitializeOnLoad (13ms)
				ProcessInitializeOnLoadAttributes (62ms)
				ProcessInitializeOnLoadMethodAttributes (22ms)
				AfterProcessingInitializeOnLoad (0ms)
				EditorAssembliesLoaded (0ms)
			ExecutionOrderSort2 (0ms)
			AwakeInstancesAfterBackupRestoration (0ms)
Platform modules already initialized, skipping
Registering precompiled user dll's ...
Registered in 0.003159 seconds.
Begin MonoManager ReloadAssembly
Native extension for WindowsStandalone target not found
Refreshing native plugins compatible for Editor in 36.58 ms, found 3 plugins.
Preloading 0 native plugins for Editor in 0.00 ms.
Mono: successfully reloaded assembly
- Completed reload, in  0.906 seconds
Domain Reload Profiling:
	ReloadAssembly (907ms)
		BeginReloadAssembly (120ms)
			ExecutionOrderSort (0ms)
			DisableScriptedObjects (4ms)
			BackupInstance (0ms)
			ReleaseScriptingObjects (0ms)
			CreateAndSetChildDomain (16ms)
		EndReloadAssembly (731ms)
			LoadAssemblies (74ms)
			RebuildTransferFunctionScriptingTraits (0ms)
			SetupTypeCache (232ms)
			ReleaseScriptCaches (0ms)
			RebuildScriptCaches (40ms)
			SetupLoadedEditorAssemblies (284ms)
				LogAssemblyErrors (0ms)
				InitializePlatformSupportModulesInManaged (3ms)
				SetLoadedEditorAssemblies (0ms)
				RefreshPlugins (37ms)
				BeforeProcessingInitializeOnLoad (69ms)
				ProcessInitializeOnLoadAttributes (159ms)
				ProcessInitializeOnLoadMethodAttributes (10ms)
				AfterProcessingInitializeOnLoad (6ms)
				EditorAssembliesLoaded (0ms)
			ExecutionOrderSort2 (0ms)
			AwakeInstancesAfterBackupRestoration (5ms)
Platform modules already initialized, skipping
========================================================================
Worker process is ready to serve import requests
Launched and connected shader compiler UnityShaderCompiler.exe after 0.06 seconds
Refreshing native plugins compatible for Editor in 0.58 ms, found 3 plugins.
Preloading 0 native plugins for Editor in 0.00 ms.
Unloading 2107 Unused Serialized files (Serialized files now loaded: 0)
System memory in use before: 96.1 MB.
System memory in use after: 96.2 MB.

Unloading 26 unused Assets to reduce memory usage. Loaded Objects now: 2547.
Total: 2.924100 ms (FindLiveObjects: 0.190000 ms CreateObjectMapping: 0.043100 ms MarkObjects: 2.622500 ms  DeleteObjects: 0.067500 ms)

AssetImportParameters requested are different than current active one (requested -> active):
  custom:framework-win-MediaFoundation: 216162199b28c13a410421893ffa2e32 -> 
  custom:video-decoder-ogg-theora: a1e56fd34408186e4bbccfd4996cb3dc -> 
  custom:container-muxer-webm: aa71ff27fc2769a1b78a27578f13a17b -> 
  custom:container-demuxer-webm: 4f35f7cbe854078d1ac9338744f61a02 -> 
  custom:container-demuxer-ogg: 62fdf1f143b41e24485cea50d1cbac27 -> 
  custom:video-encoder-webm-vp8: eb34c28f22e8b96e1ab97ce403110664 -> 
  custom:video-decoder-webm-vp8: 9c59270c3fd7afecdb556c50c9e8de78 -> 
  custom:audio-decoder-ogg-vorbis: bf7c407c2cedff20999df2af8eb42d56 -> 
  custom:audio-encoder-webm-vorbis: bf7c407c2cedff20999df2af8eb42d56 -> 
========================================================================
Received Import Request.
  path: Assets/Scripts/EnemyController.cs
  artifactKey: Guid(7442ad577cd8aec49a61b795d51cb6bd) Importer(815301076,1909f56bfc062723c751e8b465ee728b)
Start importing Assets/Scripts/EnemyController.cs using Guid(7442ad577cd8aec49a61b795d51cb6bd) Importer(815301076,1909f56bfc062723c751e8b465ee728b)  -> (artifact id: '8ceff45e7b9abf2b58d4b686d853f97d') in 0.038897 seconds 
  Import took 0.041869 seconds .

========================================================================
Received Import Request.
  Time since last request: 23.381852 seconds.
  path: Assets/Scripts/EnemyController.cs
  artifactKey: Guid(7442ad577cd8aec49a61b795d51cb6bd) Importer(815301076,1909f56bfc062723c751e8b465ee728b)
Start importing Assets/Scripts/EnemyController.cs using Guid(7442ad577cd8aec49a61b795d51cb6bd) Importer(815301076,1909f56bfc062723c751e8b465ee728b)  -> (artifact id: '166d48792f9ed1b421b09cfbf0090a9f') in 0.002979 seconds 
  Import took 0.006065 seconds .

========================================================================
Received Import Request.
  Time since last request: 5.246349 seconds.
  path: Assets/Scripts/EnemyController.cs
  artifactKey: Guid(7442ad577cd8aec49a61b795d51cb6bd) Importer(815301076,1909f56bfc062723c751e8b465ee728b)
Start importing Assets/Scripts/EnemyController.cs using Guid(7442ad577cd8aec49a61b795d51cb6bd) Importer(815301076,1909f56bfc062723c751e8b465ee728b)  -> (artifact id: 'bed36bd34cab852bc6a406ed223de003') in 0.003306 seconds 
  Import took 0.006436 seconds .

========================================================================
Received Import Request.
  Time since last request: 5.049856 seconds.
  path: Assets/Scripts/EnemyController.cs
  artifactKey: Guid(7442ad577cd8aec49a61b795d51cb6bd) Importer(815301076,1909f56bfc062723c751e8b465ee728b)
Start importing Assets/Scripts/EnemyController.cs using Guid(7442ad577cd8aec49a61b795d51cb6bd) Importer(815301076,1909f56bfc062723c751e8b465ee728b)  -> (artifact id: '32be0a8b4b7d3965da48bd60de3a8416') in 0.002567 seconds 
  Import took 0.005570 seconds .

========================================================================
Received Import Request.
  Time since last request: 0.000578 seconds.
  path: Assets/Scripts/EnemyController.cs
  artifactKey: Guid(7442ad577cd8aec49a61b795d51cb6bd) Importer(815301076,1909f56bfc062723c751e8b465ee728b)
Start importing Assets/Scripts/EnemyController.cs using Guid(7442ad577cd8aec49a61b795d51cb6bd) Importer(815301076,1909f56bfc062723c751e8b465ee728b)  -> (artifact id: '32be0a8b4b7d3965da48bd60de3a8416') in 0.002534 seconds 
  Import took 0.005172 seconds .

========================================================================
Received Import Request.
  Time since last request: 37.285904 seconds.
  path: Assets/Scripts/EnemyController.cs
  artifactKey: Guid(7442ad577cd8aec49a61b795d51cb6bd) Importer(815301076,1909f56bfc062723c751e8b465ee728b)
Start importing Assets/Scripts/EnemyController.cs using Guid(7442ad577cd8aec49a61b795d51cb6bd) Importer(815301076,1909f56bfc062723c751e8b465ee728b)  -> (artifact id: '722abb614e96dc47c0d344a037f9d1f0') in 0.002073 seconds 
  Import took 0.005305 seconds .

========================================================================
Received Import Request.
  Time since last request: 7.858261 seconds.
  path: Assets/Scripts/EnemyController.cs
  artifactKey: Guid(7442ad577cd8aec49a61b795d51cb6bd) Importer(815301076,1909f56bfc062723c751e8b465ee728b)
Start importing Assets/Scripts/EnemyController.cs using Guid(7442ad577cd8aec49a61b795d51cb6bd) Importer(815301076,1909f56bfc062723c751e8b465ee728b)  -> (artifact id: 'cbf35b20c6789743cd1ec0b195730f99') in 0.002297 seconds 
  Import took 0.005457 seconds .

========================================================================
Received Import Request.
  Time since last request: 0.000871 seconds.
  path: Assets/Scripts/EnemyController.cs
  artifactKey: Guid(7442ad577cd8aec49a61b795d51cb6bd) Importer(815301076,1909f56bfc062723c751e8b465ee728b)
Start importing Assets/Scripts/EnemyController.cs using Guid(7442ad577cd8aec49a61b795d51cb6bd) Importer(815301076,1909f56bfc062723c751e8b465ee728b)  -> (artifact id: 'cbf35b20c6789743cd1ec0b195730f99') in 0.002504 seconds 
  Import took 0.005429 seconds .

========================================================================
Received Import Request.
  Time since last request: 55.220639 seconds.
  path: Assets/Scripts/EnemyController.cs
  artifactKey: Guid(7442ad577cd8aec49a61b795d51cb6bd) Importer(815301076,1909f56bfc062723c751e8b465ee728b)
Start importing Assets/Scripts/EnemyController.cs using Guid(7442ad577cd8aec49a61b795d51cb6bd) Importer(815301076,1909f56bfc062723c751e8b465ee728b)  -> (artifact id: '90beed1bd6faf874fb1eba35b8308f88') in 0.004975 seconds 
  Import took 0.008107 seconds .

========================================================================
Received Import Request.
  Time since last request: 4.454181 seconds.
  path: Assets/Scripts/EnemyController.cs
  artifactKey: Guid(7442ad577cd8aec49a61b795d51cb6bd) Importer(815301076,1909f56bfc062723c751e8b465ee728b)
Start importing Assets/Scripts/EnemyController.cs using Guid(7442ad577cd8aec49a61b795d51cb6bd) Importer(815301076,1909f56bfc062723c751e8b465ee728b)  -> (artifact id: 'f5432840b7f95a12743a9ac7a9c97e69') in 0.002092 seconds 
  Import took 0.005055 seconds .

========================================================================
Received Import Request.
  Time since last request: 0.001011 seconds.
  path: Assets/Scripts/EnemyController.cs
  artifactKey: Guid(7442ad577cd8aec49a61b795d51cb6bd) Importer(815301076,1909f56bfc062723c751e8b465ee728b)
Start importing Assets/Scripts/EnemyController.cs using Guid(7442ad577cd8aec49a61b795d51cb6bd) Importer(815301076,1909f56bfc062723c751e8b465ee728b)  -> (artifact id: 'f5432840b7f95a12743a9ac7a9c97e69') in 0.002443 seconds 
  Import took 0.005273 seconds .

========================================================================
Received Prepare
Registering precompiled user dll's ...
Registered in 0.003378 seconds.
Begin MonoManager ReloadAssembly
Native extension for WindowsStandalone target not found
Refreshing native plugins compatible for Editor in 0.41 ms, found 3 plugins.
Preloading 0 native plugins for Editor in 0.00 ms.
Mono: successfully reloaded assembly
- Completed reload, in  0.845 seconds
Domain Reload Profiling:
	ReloadAssembly (846ms)
		BeginReloadAssembly (104ms)
			ExecutionOrderSort (0ms)
			DisableScriptedObjects (5ms)
			BackupInstance (0ms)
			ReleaseScriptingObjects (0ms)
			CreateAndSetChildDomain (28ms)
		EndReloadAssembly (686ms)
			LoadAssemblies (72ms)
			RebuildTransferFunctionScriptingTraits (0ms)
			SetupTypeCache (236ms)
			ReleaseScriptCaches (1ms)
			RebuildScriptCaches (40ms)
			SetupLoadedEditorAssemblies (248ms)
				LogAssemblyErrors (0ms)
				InitializePlatformSupportModulesInManaged (4ms)
				SetLoadedEditorAssemblies (0ms)
				RefreshPlugins (0ms)
				BeforeProcessingInitializeOnLoad (70ms)
				ProcessInitializeOnLoadAttributes (163ms)
				ProcessInitializeOnLoadMethodAttributes (4ms)
				AfterProcessingInitializeOnLoad (7ms)
				EditorAssembliesLoaded (0ms)
			ExecutionOrderSort2 (0ms)
			AwakeInstancesAfterBackupRestoration (8ms)
Platform modules already initialized, skipping
Refreshing native plugins compatible for Editor in 0.46 ms, found 3 plugins.
Preloading 0 native plugins for Editor in 0.00 ms.
Unloading 2084 Unused Serialized files (Serialized files now loaded: 0)
System memory in use before: 94.2 MB.
System memory in use after: 94.3 MB.

Unloading 14 unused Assets to reduce memory usage. Loaded Objects now: 2550.
Total: 3.126200 ms (FindLiveObjects: 0.256900 ms CreateObjectMapping: 0.043100 ms MarkObjects: 2.806700 ms  DeleteObjects: 0.017200 ms)

AssetImportParameters requested are different than current active one (requested -> active):
  custom:framework-win-MediaFoundation: 216162199b28c13a410421893ffa2e32 -> 
  custom:video-decoder-ogg-theora: a1e56fd34408186e4bbccfd4996cb3dc -> 
  custom:container-muxer-webm: aa71ff27fc2769a1b78a27578f13a17b -> 
  custom:container-demuxer-webm: 4f35f7cbe854078d1ac9338744f61a02 -> 
  custom:container-demuxer-ogg: 62fdf1f143b41e24485cea50d1cbac27 -> 
  custom:video-encoder-webm-vp8: eb34c28f22e8b96e1ab97ce403110664 -> 
  custom:video-decoder-webm-vp8: 9c59270c3fd7afecdb556c50c9e8de78 -> 
  custom:audio-decoder-ogg-vorbis: bf7c407c2cedff20999df2af8eb42d56 -> 
  custom:audio-encoder-webm-vorbis: bf7c407c2cedff20999df2af8eb42d56 -> 
========================================================================
Received Import Request.
  Time since last request: 5.069679 seconds.
  path: Assets/Scripts/GameManager.cs
  artifactKey: Guid(3d5c150d0d0d5b84aa68f5faa057efef) Importer(815301076,1909f56bfc062723c751e8b465ee728b)
Start importing Assets/Scripts/GameManager.cs using Guid(3d5c150d0d0d5b84aa68f5faa057efef) Importer(815301076,1909f56bfc062723c751e8b465ee728b)  -> (artifact id: 'c88b138114dd6feb229dfe5a3d8e86d8') in 0.008227 seconds 
  Import took 0.011415 seconds .

========================================================================
Received Import Request.
  Time since last request: 21.118483 seconds.
  path: Assets/Scripts/GameManager.cs
  artifactKey: Guid(3d5c150d0d0d5b84aa68f5faa057efef) Importer(815301076,1909f56bfc062723c751e8b465ee728b)
Start importing Assets/Scripts/GameManager.cs using Guid(3d5c150d0d0d5b84aa68f5faa057efef) Importer(815301076,1909f56bfc062723c751e8b465ee728b)  -> (artifact id: 'f49c3029b463c0216b76fc77a0a575cc') in 0.002561 seconds 
  Import took 0.005946 seconds .

========================================================================
Received Import Request.
  Time since last request: 0.000307 seconds.
  path: Assets/Scripts/GameManager.cs
  artifactKey: Guid(3d5c150d0d0d5b84aa68f5faa057efef) Importer(815301076,1909f56bfc062723c751e8b465ee728b)
Start importing Assets/Scripts/GameManager.cs using Guid(3d5c150d0d0d5b84aa68f5faa057efef) Importer(815301076,1909f56bfc062723c751e8b465ee728b)  -> (artifact id: 'f49c3029b463c0216b76fc77a0a575cc') in 0.002204 seconds 
  Import took 0.004750 seconds .

========================================================================
Received Import Request.
  Time since last request: 2.371663 seconds.
  path: Assets/Scripts/GameManager.cs
  artifactKey: Guid(3d5c150d0d0d5b84aa68f5faa057efef) Importer(815301076,1909f56bfc062723c751e8b465ee728b)
Start importing Assets/Scripts/GameManager.cs using Guid(3d5c150d0d0d5b84aa68f5faa057efef) Importer(815301076,1909f56bfc062723c751e8b465ee728b)  -> (artifact id: '54cfeebe8a4bd3917779222dcae28386') in 0.002545 seconds 
  Import took 0.005834 seconds .

========================================================================
Received Import Request.
  Time since last request: 21.857805 seconds.
  path: Assets/Scripts/GameManager.cs
  artifactKey: Guid(3d5c150d0d0d5b84aa68f5faa057efef) Importer(815301076,1909f56bfc062723c751e8b465ee728b)
Start importing Assets/Scripts/GameManager.cs using Guid(3d5c150d0d0d5b84aa68f5faa057efef) Importer(815301076,1909f56bfc062723c751e8b465ee728b)  -> (artifact id: '1fe7eea9365134ffb7d8cb61c6fa917c') in 0.002475 seconds 
  Import took 0.005540 seconds .

========================================================================
Received Import Request.
  Time since last request: 13.317184 seconds.
  path: Assets/Scripts/GameManager.cs
  artifactKey: Guid(3d5c150d0d0d5b84aa68f5faa057efef) Importer(815301076,1909f56bfc062723c751e8b465ee728b)
Start importing Assets/Scripts/GameManager.cs using Guid(3d5c150d0d0d5b84aa68f5faa057efef) Importer(815301076,1909f56bfc062723c751e8b465ee728b)  -> (artifact id: 'f9a7956cd31fa3b6c7623654726a4f61') in 0.002295 seconds 
  Import took 0.005242 seconds .

========================================================================
Received Import Request.
  Time since last request: 2.260651 seconds.
  path: Assets/Scripts/GameManager.cs
  artifactKey: Guid(3d5c150d0d0d5b84aa68f5faa057efef) Importer(815301076,1909f56bfc062723c751e8b465ee728b)
Start importing Assets/Scripts/GameManager.cs using Guid(3d5c150d0d0d5b84aa68f5faa057efef) Importer(815301076,1909f56bfc062723c751e8b465ee728b)  -> (artifact id: 'eea3a8a5c65a118ab2739e5036508df4') in 0.002623 seconds 
  Import took 0.005543 seconds .

========================================================================
Received Import Request.
  Time since last request: 8.044918 seconds.
  path: Assets/Scripts/GameManager.cs
  artifactKey: Guid(3d5c150d0d0d5b84aa68f5faa057efef) Importer(815301076,1909f56bfc062723c751e8b465ee728b)
Start importing Assets/Scripts/GameManager.cs using Guid(3d5c150d0d0d5b84aa68f5faa057efef) Importer(815301076,1909f56bfc062723c751e8b465ee728b)  -> (artifact id: 'f2df00ae3bd99323f3f44f41d8bfdb24') in 0.002273 seconds 
  Import took 0.005482 seconds .

========================================================================
Received Import Request.
  Time since last request: 0.001106 seconds.
  path: Assets/Scripts/GameManager.cs
  artifactKey: Guid(3d5c150d0d0d5b84aa68f5faa057efef) Importer(815301076,1909f56bfc062723c751e8b465ee728b)
Start importing Assets/Scripts/GameManager.cs using Guid(3d5c150d0d0d5b84aa68f5faa057efef) Importer(815301076,1909f56bfc062723c751e8b465ee728b)  -> (artifact id: 'f2df00ae3bd99323f3f44f41d8bfdb24') in 0.002252 seconds 
  Import took 0.005135 seconds .

========================================================================
Received Import Request.
  Time since last request: 10.923735 seconds.
  path: Assets/Scripts/GameManager.cs
  artifactKey: Guid(3d5c150d0d0d5b84aa68f5faa057efef) Importer(815301076,1909f56bfc062723c751e8b465ee728b)
Start importing Assets/Scripts/GameManager.cs using Guid(3d5c150d0d0d5b84aa68f5faa057efef) Importer(815301076,1909f56bfc062723c751e8b465ee728b)  -> (artifact id: '13d96d80f0fe84e0ede91f26371c2cac') in 0.002641 seconds 
  Import took 0.005575 seconds .

========================================================================
Received Import Request.
  Time since last request: 39.271501 seconds.
  path: Assets/Scripts/GameManager.cs
  artifactKey: Guid(3d5c150d0d0d5b84aa68f5faa057efef) Importer(815301076,1909f56bfc062723c751e8b465ee728b)
Start importing Assets/Scripts/GameManager.cs using Guid(3d5c150d0d0d5b84aa68f5faa057efef) Importer(815301076,1909f56bfc062723c751e8b465ee728b)  -> (artifact id: 'e27bd529c844164751ce9e3cedfd0ff5') in 0.002501 seconds 
  Import took 0.005268 seconds .

========================================================================
Received Import Request.
  Time since last request: 6.050155 seconds.
  path: Assets/Scripts/GameManager.cs
  artifactKey: Guid(3d5c150d0d0d5b84aa68f5faa057efef) Importer(815301076,1909f56bfc062723c751e8b465ee728b)
Start importing Assets/Scripts/GameManager.cs using Guid(3d5c150d0d0d5b84aa68f5faa057efef) Importer(815301076,1909f56bfc062723c751e8b465ee728b)  -> (artifact id: 'f6d6f976e9beab19ca5b5b5599082942') in 0.002432 seconds 
  Import took 0.005470 seconds .

========================================================================
Received Import Request.
  Time since last request: 0.000265 seconds.
  path: Assets/Scripts/GameManager.cs
  artifactKey: Guid(3d5c150d0d0d5b84aa68f5faa057efef) Importer(815301076,1909f56bfc062723c751e8b465ee728b)
Start importing Assets/Scripts/GameManager.cs using Guid(3d5c150d0d0d5b84aa68f5faa057efef) Importer(815301076,1909f56bfc062723c751e8b465ee728b)  -> (artifact id: 'f6d6f976e9beab19ca5b5b5599082942') in 0.002776 seconds 
  Import took 0.006074 seconds .

========================================================================
Received Import Request.
  Time since last request: 63.314295 seconds.
  path: Assets/Scripts/GameManager.cs
  artifactKey: Guid(3d5c150d0d0d5b84aa68f5faa057efef) Importer(815301076,1909f56bfc062723c751e8b465ee728b)
Start importing Assets/Scripts/GameManager.cs using Guid(3d5c150d0d0d5b84aa68f5faa057efef) Importer(815301076,1909f56bfc062723c751e8b465ee728b)  -> (artifact id: '64996e57d4ea19ff323aec5305f75648') in 0.002892 seconds 
  Import took 0.006389 seconds .

========================================================================
Received Import Request.
  Time since last request: 2.471798 seconds.
  path: Assets/Scripts/GameManager.cs
  artifactKey: Guid(3d5c150d0d0d5b84aa68f5faa057efef) Importer(815301076,1909f56bfc062723c751e8b465ee728b)
Start importing Assets/Scripts/GameManager.cs using Guid(3d5c150d0d0d5b84aa68f5faa057efef) Importer(815301076,1909f56bfc062723c751e8b465ee728b)  -> (artifact id: '49201c8b22af347f20a1400143ab0ee7') in 0.002570 seconds 
  Import took 0.005709 seconds .

========================================================================
Received Import Request.
  Time since last request: 0.001056 seconds.
  path: Assets/Scripts/GameManager.cs
  artifactKey: Guid(3d5c150d0d0d5b84aa68f5faa057efef) Importer(815301076,1909f56bfc062723c751e8b465ee728b)
Start importing Assets/Scripts/GameManager.cs using Guid(3d5c150d0d0d5b84aa68f5faa057efef) Importer(815301076,1909f56bfc062723c751e8b465ee728b)  -> (artifact id: '49201c8b22af347f20a1400143ab0ee7') in 0.002323 seconds 
  Import took 0.005126 seconds .

========================================================================
Received Import Request.
  Time since last request: 36.391647 seconds.
  path: Assets/Scripts/GameManager.cs
  artifactKey: Guid(3d5c150d0d0d5b84aa68f5faa057efef) Importer(815301076,1909f56bfc062723c751e8b465ee728b)
Start importing Assets/Scripts/GameManager.cs using Guid(3d5c150d0d0d5b84aa68f5faa057efef) Importer(815301076,1909f56bfc062723c751e8b465ee728b)  -> (artifact id: '7004a438e6eb3a659069953d9b851f78') in 0.002386 seconds 
  Import took 0.005171 seconds .

========================================================================
Received Import Request.
  Time since last request: 48.194766 seconds.
  path: Assets/Scripts/GameManager.cs
  artifactKey: Guid(3d5c150d0d0d5b84aa68f5faa057efef) Importer(815301076,1909f56bfc062723c751e8b465ee728b)
Start importing Assets/Scripts/GameManager.cs using Guid(3d5c150d0d0d5b84aa68f5faa057efef) Importer(815301076,1909f56bfc062723c751e8b465ee728b)  -> (artifact id: 'b5b508af0df88b707b74adec1327b227') in 0.002931 seconds 
  Import took 0.005979 seconds .

========================================================================
Received Import Request.
  Time since last request: 0.000934 seconds.
  path: Assets/Scripts/GameManager.cs
  artifactKey: Guid(3d5c150d0d0d5b84aa68f5faa057efef) Importer(815301076,1909f56bfc062723c751e8b465ee728b)
Start importing Assets/Scripts/GameManager.cs using Guid(3d5c150d0d0d5b84aa68f5faa057efef) Importer(815301076,1909f56bfc062723c751e8b465ee728b)  -> (artifact id: 'b5b508af0df88b707b74adec1327b227') in 0.002559 seconds 
  Import took 0.005337 seconds .

========================================================================
Received Import Request.
  Time since last request: 4.761482 seconds.
  path: Assets/Scripts/GameManager.cs
  artifactKey: Guid(3d5c150d0d0d5b84aa68f5faa057efef) Importer(815301076,1909f56bfc062723c751e8b465ee728b)
Start importing Assets/Scripts/GameManager.cs using Guid(3d5c150d0d0d5b84aa68f5faa057efef) Importer(815301076,1909f56bfc062723c751e8b465ee728b)  -> (artifact id: 'd609ab6337e3e6c4991cbc997bc0d86e') in 0.002341 seconds 
  Import took 0.005134 seconds .

========================================================================
Received Import Request.
  Time since last request: 33.300932 seconds.
  path: Assets/Scripts/GameManager.cs
  artifactKey: Guid(3d5c150d0d0d5b84aa68f5faa057efef) Importer(815301076,1909f56bfc062723c751e8b465ee728b)
Start importing Assets/Scripts/GameManager.cs using Guid(3d5c150d0d0d5b84aa68f5faa057efef) Importer(815301076,1909f56bfc062723c751e8b465ee728b)  -> (artifact id: '63e7c6198ed645fd67ad6b61468266e4') in 0.002227 seconds 
  Import took 0.005342 seconds .

========================================================================
Received Import Request.
  Time since last request: 37.386402 seconds.
  path: Assets/Scripts/GameManager.cs
  artifactKey: Guid(3d5c150d0d0d5b84aa68f5faa057efef) Importer(815301076,1909f56bfc062723c751e8b465ee728b)
Start importing Assets/Scripts/GameManager.cs using Guid(3d5c150d0d0d5b84aa68f5faa057efef) Importer(815301076,1909f56bfc062723c751e8b465ee728b)  -> (artifact id: '96743d0b86040bc665f359523d968bed') in 0.002220 seconds 
  Import took 0.005171 seconds .

========================================================================
Received Import Request.
  Time since last request: 4.061702 seconds.
  path: Assets/Scripts/GameManager.cs
  artifactKey: Guid(3d5c150d0d0d5b84aa68f5faa057efef) Importer(815301076,1909f56bfc062723c751e8b465ee728b)
Start importing Assets/Scripts/GameManager.cs using Guid(3d5c150d0d0d5b84aa68f5faa057efef) Importer(815301076,1909f56bfc062723c751e8b465ee728b)  -> (artifact id: '090f2642b57a37bdd536c9b0f93fbe1e') in 0.002329 seconds 
  Import took 0.005395 seconds .

========================================================================
Received Import Request.
  Time since last request: 0.001076 seconds.
  path: Assets/Scripts/GameManager.cs
  artifactKey: Guid(3d5c150d0d0d5b84aa68f5faa057efef) Importer(815301076,1909f56bfc062723c751e8b465ee728b)
Start importing Assets/Scripts/GameManager.cs using Guid(3d5c150d0d0d5b84aa68f5faa057efef) Importer(815301076,1909f56bfc062723c751e8b465ee728b)  -> (artifact id: '090f2642b57a37bdd536c9b0f93fbe1e') in 0.002309 seconds 
  Import took 0.005026 seconds .

========================================================================
Received Prepare
Registering precompiled user dll's ...
Registered in 0.002757 seconds.
Begin MonoManager ReloadAssembly
Native extension for WindowsStandalone target not found
Refreshing native plugins compatible for Editor in 0.44 ms, found 3 plugins.
Preloading 0 native plugins for Editor in 0.00 ms.
Mono: successfully reloaded assembly
- Completed reload, in  0.816 seconds
Domain Reload Profiling:
	ReloadAssembly (816ms)
		BeginReloadAssembly (96ms)
			ExecutionOrderSort (0ms)
			DisableScriptedObjects (5ms)
			BackupInstance (0ms)
			ReleaseScriptingObjects (0ms)
			CreateAndSetChildDomain (28ms)
		EndReloadAssembly (664ms)
			LoadAssemblies (73ms)
			RebuildTransferFunctionScriptingTraits (0ms)
			SetupTypeCache (224ms)
			ReleaseScriptCaches (1ms)
			RebuildScriptCaches (35ms)
			SetupLoadedEditorAssemblies (245ms)
				LogAssemblyErrors (0ms)
				InitializePlatformSupportModulesInManaged (4ms)
				SetLoadedEditorAssemblies (0ms)
				RefreshPlugins (0ms)
				BeforeProcessingInitializeOnLoad (70ms)
				ProcessInitializeOnLoadAttributes (158ms)
				ProcessInitializeOnLoadMethodAttributes (4ms)
				AfterProcessingInitializeOnLoad (8ms)
				EditorAssembliesLoaded (0ms)
			ExecutionOrderSort2 (0ms)
			AwakeInstancesAfterBackupRestoration (9ms)
Platform modules already initialized, skipping
Refreshing native plugins compatible for Editor in 0.43 ms, found 3 plugins.
Preloading 0 native plugins for Editor in 0.00 ms.
Unloading 2084 Unused Serialized files (Serialized files now loaded: 0)
System memory in use before: 94.3 MB.
System memory in use after: 94.4 MB.

Unloading 14 unused Assets to reduce memory usage. Loaded Objects now: 2553.
Total: 3.480000 ms (FindLiveObjects: 0.355900 ms CreateObjectMapping: 0.082700 ms MarkObjects: 3.023700 ms  DeleteObjects: 0.016200 ms)

AssetImportParameters requested are different than current active one (requested -> active):
  custom:framework-win-MediaFoundation: 216162199b28c13a410421893ffa2e32 -> 
  custom:video-decoder-ogg-theora: a1e56fd34408186e4bbccfd4996cb3dc -> 
  custom:container-muxer-webm: aa71ff27fc2769a1b78a27578f13a17b -> 
  custom:container-demuxer-webm: 4f35f7cbe854078d1ac9338744f61a02 -> 
  custom:container-demuxer-ogg: 62fdf1f143b41e24485cea50d1cbac27 -> 
  custom:video-encoder-webm-vp8: eb34c28f22e8b96e1ab97ce403110664 -> 
  custom:video-decoder-webm-vp8: 9c59270c3fd7afecdb556c50c9e8de78 -> 
  custom:audio-decoder-ogg-vorbis: bf7c407c2cedff20999df2af8eb42d56 -> 
  custom:audio-encoder-webm-vorbis: bf7c407c2cedff20999df2af8eb42d56 -> 
========================================================================
Received Import Request.
  Time since last request: 75.671533 seconds.
  path: Assets/Prefabs/Hazard.prefab
  artifactKey: Guid(4db0070110d29184aa0a84d9ece232fe) Importer(815301076,1909f56bfc062723c751e8b465ee728b)
Start importing Assets/Prefabs/Hazard.prefab using Guid(4db0070110d29184aa0a84d9ece232fe) Importer(815301076,1909f56bfc062723c751e8b465ee728b)  -> (artifact id: '1105897043dd6338b304ac37411737fd') in 0.070941 seconds 
  Import took 0.074346 seconds .

========================================================================
Received Import Request.
  Time since last request: 1.522176 seconds.
  path: Assets/Prefabs/Hazard.prefab
  artifactKey: Guid(4db0070110d29184aa0a84d9ece232fe) Importer(815301076,1909f56bfc062723c751e8b465ee728b)
Start importing Assets/Prefabs/Hazard.prefab using Guid(4db0070110d29184aa0a84d9ece232fe) Importer(815301076,1909f56bfc062723c751e8b465ee728b)  -> (artifact id: 'a8416d1be33489fe30a6e098bef834ab') in 0.008382 seconds 
  Import took 0.011423 seconds .

========================================================================
Received Import Request.
  Time since last request: 10.257013 seconds.
  path: Assets/Prefabs/Platform.prefab
  artifactKey: Guid(b7dae2b5bdf9da342ab749860140e7d3) Importer(815301076,1909f56bfc062723c751e8b465ee728b)
Start importing Assets/Prefabs/Platform.prefab using Guid(b7dae2b5bdf9da342ab749860140e7d3) Importer(815301076,1909f56bfc062723c751e8b465ee728b)  -> (artifact id: '691b1ece4a3870a4a2e4e9ef5258e354') in 0.010095 seconds 
  Import took 0.013385 seconds .

========================================================================
Received Prepare
Registering precompiled user dll's ...
Registered in 0.002671 seconds.
Begin MonoManager ReloadAssembly
Native extension for WindowsStandalone target not found
Refreshing native plugins compatible for Editor in 0.43 ms, found 3 plugins.
Preloading 0 native plugins for Editor in 0.00 ms.
Mono: successfully reloaded assembly
- Completed reload, in  0.837 seconds
Domain Reload Profiling:
	ReloadAssembly (837ms)
		BeginReloadAssembly (102ms)
			ExecutionOrderSort (0ms)
			DisableScriptedObjects (5ms)
			BackupInstance (0ms)
			ReleaseScriptingObjects (0ms)
			CreateAndSetChildDomain (29ms)
		EndReloadAssembly (678ms)
			LoadAssemblies (71ms)
			RebuildTransferFunctionScriptingTraits (0ms)
			SetupTypeCache (232ms)
			ReleaseScriptCaches (1ms)
			RebuildScriptCaches (35ms)
			SetupLoadedEditorAssemblies (251ms)
				LogAssemblyErrors (0ms)
				InitializePlatformSupportModulesInManaged (4ms)
				SetLoadedEditorAssemblies (0ms)
				RefreshPlugins (0ms)
				BeforeProcessingInitializeOnLoad (71ms)
				ProcessInitializeOnLoadAttributes (164ms)
				ProcessInitializeOnLoadMethodAttributes (4ms)
				AfterProcessingInitializeOnLoad (6ms)
				EditorAssembliesLoaded (0ms)
			ExecutionOrderSort2 (0ms)
			AwakeInstancesAfterBackupRestoration (8ms)
Platform modules already initialized, skipping
Refreshing native plugins compatible for Editor in 0.44 ms, found 3 plugins.
Preloading 0 native plugins for Editor in 0.00 ms.
Unloading 2084 Unused Serialized files (Serialized files now loaded: 0)
System memory in use before: 97.3 MB.
System memory in use after: 97.4 MB.

Unloading 14 unused Assets to reduce memory usage. Loaded Objects now: 2563.
Total: 2.795900 ms (FindLiveObjects: 0.172900 ms CreateObjectMapping: 0.043000 ms MarkObjects: 2.565700 ms  DeleteObjects: 0.013400 ms)

AssetImportParameters requested are different than current active one (requested -> active):
  custom:framework-win-MediaFoundation: 216162199b28c13a410421893ffa2e32 -> 
  custom:video-decoder-ogg-theora: a1e56fd34408186e4bbccfd4996cb3dc -> 
  custom:container-muxer-webm: aa71ff27fc2769a1b78a27578f13a17b -> 
  custom:container-demuxer-webm: 4f35f7cbe854078d1ac9338744f61a02 -> 
  custom:container-demuxer-ogg: 62fdf1f143b41e24485cea50d1cbac27 -> 
  custom:video-encoder-webm-vp8: eb34c28f22e8b96e1ab97ce403110664 -> 
  custom:video-decoder-webm-vp8: 9c59270c3fd7afecdb556c50c9e8de78 -> 
  custom:audio-decoder-ogg-vorbis: bf7c407c2cedff20999df2af8eb42d56 -> 
  custom:audio-encoder-webm-vorbis: bf7c407c2cedff20999df2af8eb42d56 -> 
========================================================================
Received Prepare
Registering precompiled user dll's ...
Registered in 0.002935 seconds.
Begin MonoManager ReloadAssembly
Native extension for WindowsStandalone target not found
Refreshing native plugins compatible for Editor in 0.41 ms, found 3 plugins.
Preloading 0 native plugins for Editor in 0.00 ms.
Mono: successfully reloaded assembly
- Completed reload, in  0.822 seconds
Domain Reload Profiling:
	ReloadAssembly (822ms)
		BeginReloadAssembly (99ms)
			ExecutionOrderSort (0ms)
			DisableScriptedObjects (5ms)
			BackupInstance (0ms)
			ReleaseScriptingObjects (0ms)
			CreateAndSetChildDomain (27ms)
		EndReloadAssembly (666ms)
			LoadAssemblies (73ms)
			RebuildTransferFunctionScriptingTraits (0ms)
			SetupTypeCache (223ms)
			ReleaseScriptCaches (1ms)
			RebuildScriptCaches (36ms)
			SetupLoadedEditorAssemblies (248ms)
				LogAssemblyErrors (0ms)
				InitializePlatformSupportModulesInManaged (4ms)
				SetLoadedEditorAssemblies (0ms)
				RefreshPlugins (0ms)
				BeforeProcessingInitializeOnLoad (71ms)
				ProcessInitializeOnLoadAttributes (160ms)
				ProcessInitializeOnLoadMethodAttributes (5ms)
				AfterProcessingInitializeOnLoad (7ms)
				EditorAssembliesLoaded (0ms)
			ExecutionOrderSort2 (0ms)
			AwakeInstancesAfterBackupRestoration (10ms)
Platform modules already initialized, skipping
Refreshing native plugins compatible for Editor in 0.49 ms, found 3 plugins.
Preloading 0 native plugins for Editor in 0.00 ms.
Unloading 2084 Unused Serialized files (Serialized files now loaded: 0)
System memory in use before: 97.3 MB.
System memory in use after: 97.4 MB.

Unloading 14 unused Assets to reduce memory usage. Loaded Objects now: 2566.
Total: 2.873300 ms (FindLiveObjects: 0.342100 ms CreateObjectMapping: 0.067900 ms MarkObjects: 2.445500 ms  DeleteObjects: 0.016300 ms)

AssetImportParameters requested are different than current active one (requested -> active):
  custom:framework-win-MediaFoundation: 216162199b28c13a410421893ffa2e32 -> 
  custom:video-decoder-ogg-theora: a1e56fd34408186e4bbccfd4996cb3dc -> 
  custom:container-muxer-webm: aa71ff27fc2769a1b78a27578f13a17b -> 
  custom:container-demuxer-webm: 4f35f7cbe854078d1ac9338744f61a02 -> 
  custom:container-demuxer-ogg: 62fdf1f143b41e24485cea50d1cbac27 -> 
  custom:video-encoder-webm-vp8: eb34c28f22e8b96e1ab97ce403110664 -> 
  custom:video-decoder-webm-vp8: 9c59270c3fd7afecdb556c50c9e8de78 -> 
  custom:audio-decoder-ogg-vorbis: bf7c407c2cedff20999df2af8eb42d56 -> 
  custom:audio-encoder-webm-vorbis: bf7c407c2cedff20999df2af8eb42d56 -> 
========================================================================
Received Import Request.
  Time since last request: 125.738961 seconds.
  path: Assets/Prefabs/Platform.prefab
  artifactKey: Guid(b7dae2b5bdf9da342ab749860140e7d3) Importer(815301076,1909f56bfc062723c751e8b465ee728b)
Start importing Assets/Prefabs/Platform.prefab using Guid(b7dae2b5bdf9da342ab749860140e7d3) Importer(815301076,1909f56bfc062723c751e8b465ee728b)  -> (artifact id: '8aaf6e97f665794fe28baa7357d66d0c') in 0.045717 seconds 
  Import took 0.049154 seconds .

